<?xml version="1.0" encoding="UTF-8"?>
<!-- Generated by org.testng.reporters.JUnitXMLReporter -->
<testsuite ignored="0" hostname="Tomislavs-MacBook-Pro.local" failures="1" tests="30" name="Registration/Login test" time="254.358" errors="0" timestamp="02 Mar 2018 12:52:04 GMT">
  <testcase classname="registration.CheckAllButtonsAndDropDowns" name="invokeBrowser" time="35.229"/>
  <testcase classname="registration.CheckAllButtonsAndDropDowns" name="getTheUrl" time="0.018"/>
  <testcase classname="registration.CheckAllButtonsAndDropDowns" name="checkAndSelect" time="0.004"/>
  <testcase classname="login.CheckAllButtons" name="invokeBrowser" time="24.908"/>
  <testcase classname="login.CheckAllButtons" name="checkTheButtons" time="0.002"/>
  <testcase classname="login.LoginWithNonexistingAccount" name="invokeBrowser" time="12.874"/>
  <testcase classname="login.LoginWithNonexistingAccount" name="typeInTheNonexistingAccount" time="0.007"/>
  <testcase classname="login.CorrectEmailIncorrectPass" name="invokeBrowser" time="14.123"/>
  <testcase classname="login.CorrectEmailIncorrectPass" name="typeInTheWrongCredentials1" time="0.002"/>
  <testcase classname="login.IncorrectEmailCorrectPass" name="invokeBrowser" time="13.319"/>
  <testcase classname="login.IncorrectEmailCorrectPass" name="typeInTheWrongCredentials2" time="0.003"/>
  <testcase classname="login.LoginWithExistingAccount" name="invokeBrowser" time="24.129"/>
  <testcase classname="login.LoginWithExistingAccount" name="typeInTheRightCredentials" time="0.002"/>
  <testcase classname="login.LoginWithEmptyPass" name="invokeBrowser" time="12.439"/>
  <testcase classname="login.LoginWithEmptyPass" name="leaveEmptyPass" time="0.001"/>
  <testcase classname="login.LoginWithEmptyEmail" name="invokeBrowser" time="12.641"/>
  <testcase classname="login.LoginWithEmptyEmail" name="leaveEmptyEmail" time="0.002"/>
  <testcase classname="login.LoginWithTheSamePassAsEmail" name="invokeBrowser" time="15.806"/>
  <testcase classname="login.LoginWithTheSamePassAsEmail" name="typePassAsEmail" time="0.003"/>
  <testcase classname="login.LoginWithTheSameEmailAsPass" name="invokeBrowser" time="15.304"/>
  <testcase classname="login.LoginWithTheSameEmailAsPass" name="typeEmailAsPass" time="0.002"/>
  <testcase classname="login.AnEmailWithoutAKeyChar" name="invokeBrowser" time="45.166"/>
  <testcase classname="login.AnEmailWithoutAKeyChar" name="typeInAnEmailWithoutAKeyChar" time="0.001"/>
  <testcase classname="login.AnEmailWithoutAKeyChar" name="typeInAnEmailWithoutSecKeyChar" time="0.001">
    <failure type="org.openqa.selenium.NoSuchSessionException" message="Session ID is null. Using WebDriver after calling quit()?
Build info: version: &amp;apos;3.8.1&amp;apos;, revision: &amp;apos;6e95a6684b&amp;apos;, time: &amp;apos;2017-12-01T19:05:14.666Z&amp;apos;
System info: host: &amp;apos;Tomislavs-MacBook-Pro.local&amp;apos;, ip: &amp;apos;fe80:0:0:0:1800:d509:b408:671e%en0&amp;apos;, os.name: &amp;apos;Mac OS X&amp;apos;, os.arch: &amp;apos;x86_64&amp;apos;, os.version: &amp;apos;10.13.3&amp;apos;, java.version: &amp;apos;9.0.1&amp;apos;
Driver info: driver.version: RemoteWebDriver">
      <![CDATA[org.openqa.selenium.NoSuchSessionException: Session ID is null. Using WebDriver after calling quit()?
Build info: version: '3.8.1', revision: '6e95a6684b', time: '2017-12-01T19:05:14.666Z'
System info: host: 'Tomislavs-MacBook-Pro.local', ip: 'fe80:0:0:0:1800:d509:b408:671e%en0', os.name: 'Mac OS X', os.arch: 'x86_64', os.version: '10.13.3', java.version: '9.0.1'
Driver info: driver.version: RemoteWebDriver
at org.openqa.selenium.remote.HttpCommandExecutor.execute(HttpCommandExecutor.java:131)
at org.openqa.selenium.remote.service.DriverCommandExecutor.execute(DriverCommandExecutor.java:83)
at org.openqa.selenium.remote.RemoteWebDriver.execute(RemoteWebDriver.java:601)
at org.openqa.selenium.remote.RemoteWebDriver.findElement(RemoteWebDriver.java:371)
at org.openqa.selenium.remote.RemoteWebDriver.findElementById(RemoteWebDriver.java:417)
at org.openqa.selenium.By$ById.findElement(By.java:218)
at org.openqa.selenium.remote.RemoteWebDriver.findElement(RemoteWebDriver.java:363)
at login.AnEmailWithoutAKeyChar.typeInAnEmailWithoutSecKeyChar(AnEmailWithoutAKeyChar.java:61)
... Removed 25 stack frames]]>
    </failure>
  </testcase> <!-- typeInAnEmailWithoutSecKeyChar -->
  <testcase classname="login.AnEmailWithoutAKeyChar" name="typeInAnEmailWithoutThirdKeyChar" time="0.0">
    <skipped/>
  </testcase> <!-- typeInAnEmailWithoutThirdKeyChar -->
  <testcase classname="login.AnEmailWithoutAKeyChar" name="typeInAnIncompleteEmail" time="0.0">
    <skipped/>
  </testcase> <!-- typeInAnIncompleteEmail -->
  <testcase classname="login.AnEmailWithoutAKeyChar" name="typeInAnIncompleteEmailAgain" time="0.0">
    <skipped/>
  </testcase> <!-- typeInAnIncompleteEmailAgain -->
  <testcase classname="login.AnEmailWithoutAKeyChar" name="typeInAnIncompleteEmailAgain2" time="0.0">
    <skipped/>
  </testcase> <!-- typeInAnIncompleteEmailAgain2 -->
  <testcase classname="login.CheckForgotPassword" name="invokeBrowser" time="28.295"/>
  <testcase classname="login.CheckForgotPassword" name="checkForgotPass" time="0.002"/>
</testsuite> <!-- Registration/Login test -->
